<?xml version="1.0" encoding="utf-8"?><testsuites name="pytest tests"><testsuite name="pytest" errors="0" failures="0" skipped="0" tests="4" time="0.606" timestamp="2026-04-27T06:27:40.186117+00:00" hostname="agent-env-c6e92f71-c8f9-4cf6-909c-ab5b78fc84c5"><testcase classname="backend.tests.test_kyoto_sushi.TestMenu" name="test_menu_returns_10_items_with_required_fields" time="0.235" /><testcase classname="backend.tests.test_kyoto_sushi.TestOrders" name="test_create_order_valid" time="0.071" /><testcase classname="backend.tests.test_kyoto_sushi.TestOrders" name="test_create_order_empty_items_returns_400" time="0.051" /><testcase classname="backend.tests.test_kyoto_sushi.TestOrders" name="test_list_orders_sorted_desc_no_id_leak" time="0.095" /></testsuite></testsuites>